<?xml version="1.0" encoding="UTF-8"?>
<testsuite xmlns:xsi="http://www.w3.org/2001/XMLSchema-instance" xsi:noNamespaceSchemaLocation="https://maven.apache.org/surefire/maven-surefire-plugin/xsd/surefire-test-report.xsd" name="br.com.dbc.dia22.service.PaisServiceTest" time="15.84" tests="3" errors="0" skipped="0" failures="0">
  <properties>
[...]
</properties>
  <testcase name="testBuscarPaisPorSiglaQueTemB" classname="br.com.dbc.dia22.service.PaisServiceTest" time="15.153"/>
  <testcase name="testBuscarPaisPorNome" classname="br.com.dbc.dia22.service.PaisServiceTest" time="0"/>
  <testcase name="testBuscarPaisPorSigla" classname="br.com.dbc.dia22.service.PaisServiceTest" time="0"/>
</testsuite>